2024-09-18 15:15:28 INFO  LoginPage:36 - loggingpage elements is in intialized
  2024-09-18 15:22:04 INFO  LoginPage:36 - loggingpage elements is in intialized
  2024-09-18 15:28:25 INFO  LoginPage:36 - loggingpage elements is in intialized
  2024-09-18 15:40:37 INFO  LoginPage:36 - loggingpage elements is in intialized
  2024-09-18 15:55:43 INFO  LoginPage:36 - loggingpage elements is in intialized
  2024-09-18 16:05:55 INFO  LoginPage:36 - loggingpage elements is in intialized
  2024-09-18 20:09:29 INFO  LoginPage:36 - loggingpage elements is in intialized
  2024-09-19 13:04:29 INFO  LoginPage:36 - loggingpage elements is in intialized
  2024-09-19 13:04:29 INFO  CustomListener:22 - Test case startedvalidateLoginFunctionality
  2024-09-19 13:04:45 INFO  CustomListener:38 - Test case passedvalidateLoginFunctionality
  2024-09-19 13:04:46 INFO  CustomListener:52 - flushed the Extent report.
  2024-09-19 13:09:26 INFO  LoginPage:36 - loggingpage elements is in intialized
  2024-09-19 13:09:26 INFO  CustomListener:22 - Test case startedvalidateLoginFunctionality
  2024-09-19 13:09:34 ERROR CustomListener:45 - Test case failedvalidateLoginFunctionality
  2024-09-19 13:09:34 INFO  CustomListener:52 - flushed the Extent report.
  2024-09-19 13:34:17 INFO  LoginPage:36 - loggingpage elements is in intialized
  2024-09-19 13:44:02 INFO  LoginPage:36 - loggingpage elements is in intialized
  2024-09-19 13:44:26 INFO  CustomListener:22 - Test case startedclickSearchHolidayButtonTest
  2024-09-19 13:50:08 INFO  LoginPage:36 - loggingpage elements is in intialized
  2024-09-19 13:50:26 INFO  CustomListener:21 - Test case startedclickSearchHolidayButtonTest
  2024-09-19 13:51:04 INFO  CustomListener:37 - Test case passedclickSearchHolidayButtonTest
  2024-09-19 13:51:32 INFO  LoginPage:36 - loggingpage elements is in intialized
  2024-09-19 13:51:47 INFO  CustomListener:21 - Test case startedsearchHolidayTest
  2024-09-19 13:51:59 INFO  CustomListener:37 - Test case passedsearchHolidayTest
  2024-09-19 13:52:16 INFO  LoginPage:36 - loggingpage elements is in intialized
  2024-09-19 13:52:28 INFO  CustomListener:21 - Test case startedselectDateTest
  2024-09-19 13:52:42 INFO  CustomListener:37 - Test case passedselectDateTest
  2024-09-19 13:53:04 INFO  LoginPage:36 - loggingpage elements is in intialized
  2024-09-19 13:53:19 INFO  CustomListener:21 - Test case startedverifyIndulgent_EscapesTest
  2024-09-19 13:53:37 INFO  CustomListener:37 - Test case passedverifyIndulgent_EscapesTest
  2024-09-19 13:54:00 INFO  LoginPage:36 - loggingpage elements is in intialized
  2024-09-19 13:54:14 INFO  CustomListener:21 - Test case startedverifyJet2CityBreaksTest
  2024-09-19 13:54:32 INFO  CustomListener:37 - Test case passedverifyJet2CityBreaksTest
  2024-09-19 13:55:25 INFO  LoginPage:36 - loggingpage elements is in intialized
  2024-09-19 13:55:47 INFO  CustomListener:21 - Test case startedverifyJet2VillasTest
  2024-09-19 13:55:59 INFO  CustomListener:37 - Test case passedverifyJet2VillasTest
  2024-09-19 13:56:40 INFO  LoginPage:36 - loggingpage elements is in intialized
  2024-09-19 13:57:23 INFO  CustomListener:21 - Test case startedclickPlaceTest
  2024-09-19 13:57:51 INFO  CustomListener:37 - Test case passedclickPlaceTest
  2024-09-19 13:58:07 INFO  LoginPage:36 - loggingpage elements is in intialized
  2024-09-19 13:58:07 INFO  CustomListener:21 - Test case startedvalidateLoginFunctionality
  2024-09-19 13:58:21 ERROR CustomListener:44 - Test case failedvalidateLoginFunctionality
  2024-09-19 13:58:21 INFO  CustomListener:51 - flushed the Extent report.
  2024-09-19 14:21:18 INFO  LoginPage:36 - loggingpage elements is in intialized
  2024-09-19 14:21:18 INFO  CustomListener:21 - Test case startedvalidateLoginFunctionality
  2024-09-19 14:21:27 ERROR CustomListener:44 - Test case failedvalidateLoginFunctionality
  2024-09-19 14:21:28 INFO  CustomListener:54 - flushed the Extent report.
  2024-09-19 14:25:08 INFO  LoginPage:36 - loggingpage elements is in intialized
  2024-09-19 14:25:08 INFO  CustomListener:21 - Test case startedvalidateLoginFunctionality
  2024-09-19 14:25:16 ERROR CustomListener:44 - Test case failedvalidateLoginFunctionality
  2024-09-19 14:25:16 INFO  CustomListener:54 - flushed the Extent report.
  2024-09-19 14:29:06 INFO  LoginPage:36 - loggingpage elements is in intialized
  2024-09-19 14:29:06 INFO  CustomListener:21 - Test case startedvalidateLoginFunctionality
  2024-09-19 14:29:14 ERROR CustomListener:44 - Test case failedvalidateLoginFunctionality
  2024-09-19 14:29:15 INFO  CustomListener:54 - flushed the Extent report.
  2024-09-19 15:35:53 INFO  LoginPage:36 - loggingpage elements is in intialized
  2024-09-19 15:40:17 INFO  LoginPage:36 - loggingpage elements is in intialized
  2024-09-19 15:46:58 INFO  LoginPage:36 - loggingpage elements is in intialized
  2024-09-19 15:54:39 INFO  LoginPage:36 - loggingpage elements is in intialized
  2024-09-19 15:57:58 INFO  LoginPage:36 - loggingpage elements is in intialized
  2024-09-19 16:11:36 INFO  LoginPage:36 - loggingpage elements is in intialized
  2024-09-19 16:22:31 INFO  LoginPage:36 - loggingpage elements is in intialized
  2024-09-19 16:27:12 INFO  LoginPage:36 - loggingpage elements is in intialized
  2024-09-19 16:32:22 INFO  LoginPage:36 - loggingpage elements is in intialized
  2024-09-19 16:39:54 INFO  LoginPage:36 - loggingpage elements is in intialized
  2024-09-19 16:46:38 INFO  LoginPage:36 - loggingpage elements is in intialized
  2024-09-19 16:58:33 INFO  LoginPage:36 - loggingpage elements is in intialized
  2024-09-19 17:02:49 INFO  LoginPage:36 - loggingpage elements is in intialized
  2024-09-19 17:10:24 INFO  LoginPage:36 - loggingpage elements is in intialized
  2024-09-19 17:13:58 INFO  LoginPage:36 - loggingpage elements is in intialized
  2024-09-19 17:24:22 INFO  LoginPage:36 - loggingpage elements is in intialized
  2024-09-19 17:29:27 INFO  LoginPage:36 - loggingpage elements is in intialized
  2024-09-19 17:47:38 INFO  LoginPage:36 - loggingpage elements is in intialized
  2024-09-19 17:51:00 INFO  LoginPage:36 - loggingpage elements is in intialized
  2024-09-19 18:02:35 INFO  LoginPage:36 - loggingpage elements is in intialized
  2024-09-19 18:05:07 INFO  LoginPage:36 - loggingpage elements is in intialized
  2024-09-19 18:20:34 INFO  LoginPage:36 - loggingpage elements is in intialized
  2024-09-19 18:22:24 INFO  LoginPage:36 - loggingpage elements is in intialized
  2024-09-19 18:27:35 INFO  LoginPage:36 - loggingpage elements is in intialized
  2024-09-19 18:33:01 INFO  LoginPage:36 - loggingpage elements is in intialized
  2024-09-19 18:37:43 INFO  LoginPage:36 - loggingpage elements is in intialized
  2024-09-19 18:44:13 INFO  LoginPage:36 - loggingpage elements is in intialized
  2024-09-19 20:56:57 INFO  LoginPage:36 - loggingpage elements is in intialized
  2024-09-19 21:16:34 INFO  LoginPage:36 - loggingpage elements is in intialized
  2024-09-19 21:23:57 INFO  LoginPage:36 - loggingpage elements is in intialized
  2024-09-19 21:26:27 INFO  LoginPage:36 - loggingpage elements is in intialized
  2024-09-19 21:32:40 INFO  LoginPage:36 - loggingpage elements is in intialized
  2024-09-19 21:36:02 INFO  LoginPage:36 - loggingpage elements is in intialized
  2024-09-19 21:39:11 INFO  LoginPage:36 - loggingpage elements is in intialized
  2024-09-19 21:44:45 INFO  LoginPage:36 - loggingpage elements is in intialized
  2024-09-19 21:50:02 INFO  LoginPage:36 - loggingpage elements is in intialized
  2024-09-19 22:02:29 INFO  LoginPage:36 - loggingpage elements is in intialized
  2024-09-20 12:25:39 INFO  LoginPage:36 - loggingpage elements is in intialized
  2024-09-20 12:25:39 INFO  CustomListener:21 - Test case startedvalidateLoginFunctionality
  2024-09-20 12:26:08 INFO  CustomListener:37 - Test case passedvalidateLoginFunctionality
  2024-09-20 12:26:08 INFO  CustomListener:54 - flushed the Extent report.
  2024-09-20 14:19:21 INFO  LoginPage:36 - loggingpage elements is in intialized
  2024-09-20 14:19:21 INFO  CustomListener:21 - Test case startedvalidateLoginFunctionality
  2024-09-20 14:19:36 INFO  CustomListener:37 - Test case passedvalidateLoginFunctionality
  2024-09-20 14:19:36 INFO  CustomListener:54 - flushed the Extent report.
  2024-09-20 14:25:55 INFO  LoginPage:36 - loggingpage elements is in intialized
  2024-09-20 14:25:55 INFO  CustomListener:21 - Test case startedvalidateLoginFunctionality
  2024-09-20 14:26:14 INFO  CustomListener:37 - Test case passedvalidateLoginFunctionality
  2024-09-20 14:26:14 INFO  CustomListener:54 - flushed the Extent report.
  2024-09-20 14:39:03 INFO  LoginPage:36 - loggingpage elements is in intialized
  2024-09-20 14:39:03 INFO  CustomListener:21 - Test case startedvalidateLoginFunctionality
  2024-09-20 14:39:18 INFO  CustomListener:37 - Test case passedvalidateLoginFunctionality
  2024-09-20 14:39:18 INFO  CustomListener:54 - flushed the Extent report.
  2024-09-20 14:48:30 INFO  LoginPage:36 - loggingpage elements is in intialized
  2024-09-20 14:48:30 INFO  CustomListener:21 - Test case startedvalidateLoginFunctionality
  2024-09-20 14:48:48 INFO  CustomListener:37 - Test case passedvalidateLoginFunctionality
  2024-09-20 14:48:48 INFO  CustomListener:54 - flushed the Extent report.
  2024-09-20 15:15:41 INFO  LoginPage:36 - loggingpage elements is in intialized
  2024-09-20 15:15:55 INFO  CustomListener:21 - Test case startedclickSearchHolidayButtonTest
  2024-09-20 15:16:39 INFO  CustomListener:37 - Test case passedclickSearchHolidayButtonTest
  2024-09-20 15:16:57 INFO  LoginPage:36 - loggingpage elements is in intialized
  2024-09-20 15:17:08 INFO  CustomListener:21 - Test case startedsearchHolidayTest
  2024-09-20 15:17:20 INFO  CustomListener:37 - Test case passedsearchHolidayTest
  2024-09-20 15:17:37 INFO  CustomListener:21 - Test case startedselectDateTest
  2024-09-20 15:17:37 WARN  CustomListener:30 - Test case Skipped selectDateTest
  2024-09-20 15:17:37 INFO  CustomListener:21 - Test case startedverifyIndulgent_EscapesTest
  2024-09-20 15:17:37 WARN  CustomListener:30 - Test case Skipped verifyIndulgent_EscapesTest
  2024-09-20 15:17:37 INFO  CustomListener:21 - Test case startedverifyJet2CityBreaksTest
  2024-09-20 15:17:37 WARN  CustomListener:30 - Test case Skipped verifyJet2CityBreaksTest
  2024-09-20 15:17:37 INFO  CustomListener:21 - Test case startedverifyJet2VillasTest
  2024-09-20 15:17:37 WARN  CustomListener:30 - Test case Skipped verifyJet2VillasTest
  2024-09-20 15:17:48 INFO  CustomListener:21 - Test case startedclickPlaceTest
  2024-09-20 15:17:48 WARN  CustomListener:30 - Test case Skipped clickPlaceTest
  2024-09-20 15:17:54 INFO  CustomListener:21 - Test case startedvalidateLoginFunctionality
  2024-09-20 15:17:54 WARN  CustomListener:30 - Test case Skipped validateLoginFunctionality
  2024-09-20 15:17:55 INFO  CustomListener:54 - flushed the Extent report.
  2024-09-20 15:31:36 INFO  LoginPage:36 - loggingpage elements is in intialized
  2024-09-20 15:31:36 INFO  CustomListener:21 - Test case startedvalidateLoginFunctionality
  2024-09-20 15:31:52 INFO  CustomListener:37 - Test case passedvalidateLoginFunctionality
  2024-09-20 15:31:52 INFO  CustomListener:54 - flushed the Extent report.
  2024-09-20 15:43:20 INFO  LoginPage:36 - loggingpage elements is in intialized
  2024-09-20 15:51:31 INFO  LoginPage:36 - loggingpage elements is in intialized
  2024-09-20 15:54:00 INFO  LoginPage:36 - loggingpage elements is in intialized
  2024-09-20 15:57:35 INFO  LoginPage:36 - loggingpage elements is in intialized
  2024-09-20 16:01:22 INFO  LoginPage:36 - loggingpage elements is in intialized
  2024-09-20 16:04:52 INFO  LoginPage:36 - loggingpage elements is in intialized
  2024-09-20 16:13:48 INFO  LoginPage:36 - loggingpage elements is in intialized
  2024-09-20 16:19:06 INFO  LoginPage:36 - loggingpage elements is in intialized
  2024-09-20 16:21:34 INFO  LoginPage:36 - loggingpage elements is in intialized
  2024-09-20 16:27:51 INFO  LoginPage:36 - loggingpage elements is in intialized
  2024-09-20 16:30:27 INFO  LoginPage:36 - loggingpage elements is in intialized
  2024-09-20 16:32:57 INFO  LoginPage:36 - loggingpage elements is in intialized
  2024-09-20 16:37:22 INFO  LoginPage:36 - loggingpage elements is in intialized
  2024-09-20 17:12:38 INFO  LoginPage:36 - loggingpage elements is in intialized
  2024-09-20 17:55:18 INFO  LoginPage:36 - loggingpage elements is in intialized
  2024-09-20 20:40:21 INFO  LoginPage:36 - loggingpage elements is in intialized
  2024-09-20 20:43:49 INFO  LoginPage:36 - loggingpage elements is in intialized
  2024-09-20 20:57:33 INFO  LoginPage:36 - loggingpage elements is in intialized
  2024-09-20 20:59:13 INFO  LoginPage:36 - loggingpage elements is in intialized
  2024-09-20 21:02:40 INFO  LoginPage:36 - loggingpage elements is in intialized
  2024-09-20 21:05:26 INFO  LoginPage:36 - loggingpage elements is in intialized
  2024-09-20 21:14:09 INFO  LoginPage:36 - loggingpage elements is in intialized
  2024-09-20 21:16:30 INFO  LoginPage:36 - loggingpage elements is in intialized
  2024-09-20 21:20:37 INFO  LoginPage:36 - loggingpage elements is in intialized
  2024-09-20 21:26:59 INFO  LoginPage:36 - loggingpage elements is in intialized
  